<?xml version="1.0" encoding="UTF-8"?>
<!-- Generated by org.testng.reporters.JUnitXMLReporter -->
<testsuite hostname="Mahesh" name="madhu" tests="6" failures="0" timestamp="5 Aug 2020 12:29:26 GMT" time="39.443" errors="0">
  <testcase name="addEmp" time="27.992" classname="myPack.Madhu"/>
  <testcase name="addLocation" time="0.001" classname="myPack.Madhu"/>
  <testcase name="deleteEmp" time="0.0" classname="myPack.Madhu"/>
  <testcase name="editEmp" time="0.001" classname="myPack.Madhu"/>
  <testcase name="editLocation" time="0.0" classname="myPack.Madhu"/>
  <testcase name="verifyLogin" time="11.434" classname="myPack.Madhu"/>
</testsuite> <!-- madhu -->
